The system is: Darwin - 10.3.0 - i386
Compiling the C compiler identification source file "CMakeCCompilerId.c" succeeded.
Compiler: /usr/bin/gcc 
Build flags: -m32
Id flags: 

The output was:
0


Compilation of the C compiler identification source "CMakeCCompilerId.c" produced "a.out"

The C compiler identification is GNU, found in "/Users/mikerb/Research/moos-ivp/trunk/MOOS/CMakeFiles/CompilerIdC/a.out"

Compiling the CXX compiler identification source file "CMakeCXXCompilerId.cpp" succeeded.
Compiler: /usr/bin/g++ 
Build flags: -fPIC;-m32
Id flags: 

The output was:
0
CMakeCXXCompilerId.cpp:70: warning: deprecated conversion from string constant to ‘char*’
CMakeCXXCompilerId.cpp:154: warning: deprecated conversion from string constant to ‘char*’


Compilation of the CXX compiler identification source "CMakeCXXCompilerId.cpp" produced "a.out"

The CXX compiler identification is GNU, found in "/Users/mikerb/Research/moos-ivp/trunk/MOOS/CMakeFiles/CompilerIdCXX/a.out"

Determining if the C compiler works passed with the following output:
Change Dir: /Users/mikerb/Research/moos-ivp/trunk/MOOS/CMakeFiles/CMakeTmp

Run Build Command:/opt/local/bin/gmake "cmTryCompileExec/fast"
/opt/local/bin/gmake -f CMakeFiles/cmTryCompileExec.dir/build.make CMakeFiles/cmTryCompileExec.dir/build
gmake[1]: Entering directory `/Users/mikerb/Research/moos-ivp/trunk/MOOS-2331-Jul1810/CMakeFiles/CMakeTmp'
"/Applications/CMake 2.6-0.app/Contents/bin/cmake" -E cmake_progress_report /Users/mikerb/Research/moos-ivp/trunk/MOOS/CMakeFiles/CMakeTmp/CMakeFiles 1
Building C object CMakeFiles/cmTryCompileExec.dir/testCCompiler.c.o
/usr/bin/gcc   -m32     -o CMakeFiles/cmTryCompileExec.dir/testCCompiler.c.o   -c /Users/mikerb/Research/moos-ivp/trunk/MOOS/CMakeFiles/CMakeTmp/testCCompiler.c
Linking C executable cmTryCompileExec
"/Applications/CMake 2.6-0.app/Contents/bin/cmake" -E cmake_link_script CMakeFiles/cmTryCompileExec.dir/link.txt --verbose=1
/usr/bin/gcc   -m32   -Wl,-search_paths_first -headerpad_max_install_names -fPIC CMakeFiles/cmTryCompileExec.dir/testCCompiler.c.o  -o cmTryCompileExec  
gmake[1]: Leaving directory `/Users/mikerb/Research/moos-ivp/trunk/MOOS-2331-Jul1810/CMakeFiles/CMakeTmp'


Detecting C compiler ABI info compiled with the following output:
Change Dir: /Users/mikerb/Research/moos-ivp/trunk/MOOS/CMakeFiles/CMakeTmp

Run Build Command:/opt/local/bin/gmake "cmTryCompileExec/fast"
/opt/local/bin/gmake -f CMakeFiles/cmTryCompileExec.dir/build.make CMakeFiles/cmTryCompileExec.dir/build
gmake[1]: Entering directory `/Users/mikerb/Research/moos-ivp/trunk/MOOS-2331-Jul1810/CMakeFiles/CMakeTmp'
"/Applications/CMake 2.6-0.app/Contents/bin/cmake" -E cmake_progress_report /Users/mikerb/Research/moos-ivp/trunk/MOOS/CMakeFiles/CMakeTmp/CMakeFiles 1
Building C object CMakeFiles/cmTryCompileExec.dir/CMakeCCompilerABI.c.o
/usr/bin/gcc   -m32     -o CMakeFiles/cmTryCompileExec.dir/CMakeCCompilerABI.c.o   -c "/Applications/CMake 2.6-0.app/Contents/share/cmake-2.6/Modules/CMakeCCompilerABI.c"
Linking C executable cmTryCompileExec
"/Applications/CMake 2.6-0.app/Contents/bin/cmake" -E cmake_link_script CMakeFiles/cmTryCompileExec.dir/link.txt --verbose=1
/usr/bin/gcc   -m32   -Wl,-search_paths_first -headerpad_max_install_names -fPIC CMakeFiles/cmTryCompileExec.dir/CMakeCCompilerABI.c.o  -o cmTryCompileExec  
gmake[1]: Leaving directory `/Users/mikerb/Research/moos-ivp/trunk/MOOS-2331-Jul1810/CMakeFiles/CMakeTmp'


Determining if the CXX compiler works passed with the following output:
Change Dir: /Users/mikerb/Research/moos-ivp/trunk/MOOS/CMakeFiles/CMakeTmp

Run Build Command:/opt/local/bin/gmake "cmTryCompileExec/fast"
/opt/local/bin/gmake -f CMakeFiles/cmTryCompileExec.dir/build.make CMakeFiles/cmTryCompileExec.dir/build
gmake[1]: Entering directory `/Users/mikerb/Research/moos-ivp/trunk/MOOS-2331-Jul1810/CMakeFiles/CMakeTmp'
"/Applications/CMake 2.6-0.app/Contents/bin/cmake" -E cmake_progress_report /Users/mikerb/Research/moos-ivp/trunk/MOOS/CMakeFiles/CMakeTmp/CMakeFiles 1
Building CXX object CMakeFiles/cmTryCompileExec.dir/testCXXCompiler.cxx.o
/usr/bin/g++    -fPIC -m32     -o CMakeFiles/cmTryCompileExec.dir/testCXXCompiler.cxx.o -c /Users/mikerb/Research/moos-ivp/trunk/MOOS/CMakeFiles/CMakeTmp/testCXXCompiler.cxx
Linking CXX executable cmTryCompileExec
"/Applications/CMake 2.6-0.app/Contents/bin/cmake" -E cmake_link_script CMakeFiles/cmTryCompileExec.dir/link.txt --verbose=1
/usr/bin/g++    -fPIC -m32   -Wl,-search_paths_first -headerpad_max_install_names -fPIC CMakeFiles/cmTryCompileExec.dir/testCXXCompiler.cxx.o  -o cmTryCompileExec  
gmake[1]: Leaving directory `/Users/mikerb/Research/moos-ivp/trunk/MOOS-2331-Jul1810/CMakeFiles/CMakeTmp'


Detecting CXX compiler ABI info compiled with the following output:
Change Dir: /Users/mikerb/Research/moos-ivp/trunk/MOOS/CMakeFiles/CMakeTmp

Run Build Command:/opt/local/bin/gmake "cmTryCompileExec/fast"
/opt/local/bin/gmake -f CMakeFiles/cmTryCompileExec.dir/build.make CMakeFiles/cmTryCompileExec.dir/build
gmake[1]: Entering directory `/Users/mikerb/Research/moos-ivp/trunk/MOOS-2331-Jul1810/CMakeFiles/CMakeTmp'
"/Applications/CMake 2.6-0.app/Contents/bin/cmake" -E cmake_progress_report /Users/mikerb/Research/moos-ivp/trunk/MOOS/CMakeFiles/CMakeTmp/CMakeFiles 1
Building CXX object CMakeFiles/cmTryCompileExec.dir/CMakeCXXCompilerABI.cpp.o
/usr/bin/g++    -fPIC -m32     -o CMakeFiles/cmTryCompileExec.dir/CMakeCXXCompilerABI.cpp.o -c "/Applications/CMake 2.6-0.app/Contents/share/cmake-2.6/Modules/CMakeCXXCompilerABI.cpp"
Linking CXX executable cmTryCompileExec
"/Applications/CMake 2.6-0.app/Contents/bin/cmake" -E cmake_link_script CMakeFiles/cmTryCompileExec.dir/link.txt --verbose=1
/usr/bin/g++    -fPIC -m32   -Wl,-search_paths_first -headerpad_max_install_names -fPIC CMakeFiles/cmTryCompileExec.dir/CMakeCXXCompilerABI.cpp.o  -o cmTryCompileExec  
gmake[1]: Leaving directory `/Users/mikerb/Research/moos-ivp/trunk/MOOS-2331-Jul1810/CMakeFiles/CMakeTmp'


Determining if the function XOpenDisplay exists in the /usr/X11R6/lib/libX11.dylib;/usr/X11R6/lib/libXext.dylib passed with the following output:
Change Dir: /Users/mikerb/Research/moos-ivp/trunk/MOOS/CMakeFiles/CMakeTmp

Run Build Command:/opt/local/bin/gmake "cmTryCompileExec/fast"
/opt/local/bin/gmake -f CMakeFiles/cmTryCompileExec.dir/build.make CMakeFiles/cmTryCompileExec.dir/build
gmake[1]: Entering directory `/Users/mikerb/Research/moos-ivp/trunk/MOOS-2331-Jul1810/CMakeFiles/CMakeTmp'
"/Applications/CMake 2.6-0.app/Contents/bin/cmake" -E cmake_progress_report /Users/mikerb/Research/moos-ivp/trunk/MOOS/CMakeFiles/CMakeTmp/CMakeFiles 1
Building C object CMakeFiles/cmTryCompileExec.dir/CheckFunctionExists.c.o
/usr/bin/gcc   -m32  -DCHECK_FUNCTION_EXISTS=XOpenDisplay   -o CMakeFiles/cmTryCompileExec.dir/CheckFunctionExists.c.o   -c "/Applications/CMake 2.6-0.app/Contents/share/cmake-2.6/Modules/CheckFunctionExists.c"
Linking C executable cmTryCompileExec
"/Applications/CMake 2.6-0.app/Contents/bin/cmake" -E cmake_link_script CMakeFiles/cmTryCompileExec.dir/link.txt --verbose=1
/usr/bin/gcc   -m32  -DCHECK_FUNCTION_EXISTS=XOpenDisplay -Wl,-search_paths_first -headerpad_max_install_names -fPIC CMakeFiles/cmTryCompileExec.dir/CheckFunctionExists.c.o  -o cmTryCompileExec  -L/usr/X11R6/lib /usr/X11R6/lib/libX11.dylib /usr/X11R6/lib/libXext.dylib 
gmake[1]: Leaving directory `/Users/mikerb/Research/moos-ivp/trunk/MOOS-2331-Jul1810/CMakeFiles/CMakeTmp'


Determining if the function gethostbyname exists passed with the following output:
Change Dir: /Users/mikerb/Research/moos-ivp/trunk/MOOS/CMakeFiles/CMakeTmp

Run Build Command:/opt/local/bin/gmake "cmTryCompileExec/fast"
/opt/local/bin/gmake -f CMakeFiles/cmTryCompileExec.dir/build.make CMakeFiles/cmTryCompileExec.dir/build
gmake[1]: Entering directory `/Users/mikerb/Research/moos-ivp/trunk/MOOS-2331-Jul1810/CMakeFiles/CMakeTmp'
"/Applications/CMake 2.6-0.app/Contents/bin/cmake" -E cmake_progress_report /Users/mikerb/Research/moos-ivp/trunk/MOOS/CMakeFiles/CMakeTmp/CMakeFiles 1
Building C object CMakeFiles/cmTryCompileExec.dir/CheckFunctionExists.c.o
/usr/bin/gcc   -m32  -DCHECK_FUNCTION_EXISTS=gethostbyname   -o CMakeFiles/cmTryCompileExec.dir/CheckFunctionExists.c.o   -c "/Applications/CMake 2.6-0.app/Contents/share/cmake-2.6/Modules/CheckFunctionExists.c"
Linking C executable cmTryCompileExec
"/Applications/CMake 2.6-0.app/Contents/bin/cmake" -E cmake_link_script CMakeFiles/cmTryCompileExec.dir/link.txt --verbose=1
/usr/bin/gcc   -m32  -DCHECK_FUNCTION_EXISTS=gethostbyname -Wl,-search_paths_first -headerpad_max_install_names -fPIC CMakeFiles/cmTryCompileExec.dir/CheckFunctionExists.c.o  -o cmTryCompileExec  
gmake[1]: Leaving directory `/Users/mikerb/Research/moos-ivp/trunk/MOOS-2331-Jul1810/CMakeFiles/CMakeTmp'


Determining if the function connect exists passed with the following output:
Change Dir: /Users/mikerb/Research/moos-ivp/trunk/MOOS/CMakeFiles/CMakeTmp

Run Build Command:/opt/local/bin/gmake "cmTryCompileExec/fast"
/opt/local/bin/gmake -f CMakeFiles/cmTryCompileExec.dir/build.make CMakeFiles/cmTryCompileExec.dir/build
gmake[1]: Entering directory `/Users/mikerb/Research/moos-ivp/trunk/MOOS-2331-Jul1810/CMakeFiles/CMakeTmp'
"/Applications/CMake 2.6-0.app/Contents/bin/cmake" -E cmake_progress_report /Users/mikerb/Research/moos-ivp/trunk/MOOS/CMakeFiles/CMakeTmp/CMakeFiles 1
Building C object CMakeFiles/cmTryCompileExec.dir/CheckFunctionExists.c.o
/usr/bin/gcc   -m32  -DCHECK_FUNCTION_EXISTS=connect   -o CMakeFiles/cmTryCompileExec.dir/CheckFunctionExists.c.o   -c "/Applications/CMake 2.6-0.app/Contents/share/cmake-2.6/Modules/CheckFunctionExists.c"
Linking C executable cmTryCompileExec
"/Applications/CMake 2.6-0.app/Contents/bin/cmake" -E cmake_link_script CMakeFiles/cmTryCompileExec.dir/link.txt --verbose=1
/usr/bin/gcc   -m32  -DCHECK_FUNCTION_EXISTS=connect -Wl,-search_paths_first -headerpad_max_install_names -fPIC CMakeFiles/cmTryCompileExec.dir/CheckFunctionExists.c.o  -o cmTryCompileExec  
gmake[1]: Leaving directory `/Users/mikerb/Research/moos-ivp/trunk/MOOS-2331-Jul1810/CMakeFiles/CMakeTmp'


Determining if the function remove exists passed with the following output:
Change Dir: /Users/mikerb/Research/moos-ivp/trunk/MOOS/CMakeFiles/CMakeTmp

Run Build Command:/opt/local/bin/gmake "cmTryCompileExec/fast"
/opt/local/bin/gmake -f CMakeFiles/cmTryCompileExec.dir/build.make CMakeFiles/cmTryCompileExec.dir/build
gmake[1]: Entering directory `/Users/mikerb/Research/moos-ivp/trunk/MOOS-2331-Jul1810/CMakeFiles/CMakeTmp'
"/Applications/CMake 2.6-0.app/Contents/bin/cmake" -E cmake_progress_report /Users/mikerb/Research/moos-ivp/trunk/MOOS/CMakeFiles/CMakeTmp/CMakeFiles 1
Building C object CMakeFiles/cmTryCompileExec.dir/CheckFunctionExists.c.o
/usr/bin/gcc   -m32  -DCHECK_FUNCTION_EXISTS=remove   -o CMakeFiles/cmTryCompileExec.dir/CheckFunctionExists.c.o   -c "/Applications/CMake 2.6-0.app/Contents/share/cmake-2.6/Modules/CheckFunctionExists.c"
Linking C executable cmTryCompileExec
"/Applications/CMake 2.6-0.app/Contents/bin/cmake" -E cmake_link_script CMakeFiles/cmTryCompileExec.dir/link.txt --verbose=1
/usr/bin/gcc   -m32  -DCHECK_FUNCTION_EXISTS=remove -Wl,-search_paths_first -headerpad_max_install_names -fPIC CMakeFiles/cmTryCompileExec.dir/CheckFunctionExists.c.o  -o cmTryCompileExec  
gmake[1]: Leaving directory `/Users/mikerb/Research/moos-ivp/trunk/MOOS-2331-Jul1810/CMakeFiles/CMakeTmp'


Determining if the function shmat exists passed with the following output:
Change Dir: /Users/mikerb/Research/moos-ivp/trunk/MOOS/CMakeFiles/CMakeTmp

Run Build Command:/opt/local/bin/gmake "cmTryCompileExec/fast"
/opt/local/bin/gmake -f CMakeFiles/cmTryCompileExec.dir/build.make CMakeFiles/cmTryCompileExec.dir/build
gmake[1]: Entering directory `/Users/mikerb/Research/moos-ivp/trunk/MOOS-2331-Jul1810/CMakeFiles/CMakeTmp'
"/Applications/CMake 2.6-0.app/Contents/bin/cmake" -E cmake_progress_report /Users/mikerb/Research/moos-ivp/trunk/MOOS/CMakeFiles/CMakeTmp/CMakeFiles 1
Building C object CMakeFiles/cmTryCompileExec.dir/CheckFunctionExists.c.o
/usr/bin/gcc   -m32  -DCHECK_FUNCTION_EXISTS=shmat   -o CMakeFiles/cmTryCompileExec.dir/CheckFunctionExists.c.o   -c "/Applications/CMake 2.6-0.app/Contents/share/cmake-2.6/Modules/CheckFunctionExists.c"
Linking C executable cmTryCompileExec
"/Applications/CMake 2.6-0.app/Contents/bin/cmake" -E cmake_link_script CMakeFiles/cmTryCompileExec.dir/link.txt --verbose=1
/usr/bin/gcc   -m32  -DCHECK_FUNCTION_EXISTS=shmat -Wl,-search_paths_first -headerpad_max_install_names -fPIC CMakeFiles/cmTryCompileExec.dir/CheckFunctionExists.c.o  -o cmTryCompileExec  
gmake[1]: Leaving directory `/Users/mikerb/Research/moos-ivp/trunk/MOOS-2331-Jul1810/CMakeFiles/CMakeTmp'


Determining if the function IceConnectionNumber exists in the ICE passed with the following output:
Change Dir: /Users/mikerb/Research/moos-ivp/trunk/MOOS/CMakeFiles/CMakeTmp

Run Build Command:/opt/local/bin/gmake "cmTryCompileExec/fast"
/opt/local/bin/gmake -f CMakeFiles/cmTryCompileExec.dir/build.make CMakeFiles/cmTryCompileExec.dir/build
gmake[1]: Entering directory `/Users/mikerb/Research/moos-ivp/trunk/MOOS-2331-Jul1810/CMakeFiles/CMakeTmp'
"/Applications/CMake 2.6-0.app/Contents/bin/cmake" -E cmake_progress_report /Users/mikerb/Research/moos-ivp/trunk/MOOS/CMakeFiles/CMakeTmp/CMakeFiles 1
Building C object CMakeFiles/cmTryCompileExec.dir/CheckFunctionExists.c.o
/usr/bin/gcc   -m32  -DCHECK_FUNCTION_EXISTS=IceConnectionNumber   -o CMakeFiles/cmTryCompileExec.dir/CheckFunctionExists.c.o   -c "/Applications/CMake 2.6-0.app/Contents/share/cmake-2.6/Modules/CheckFunctionExists.c"
Linking C executable cmTryCompileExec
"/Applications/CMake 2.6-0.app/Contents/bin/cmake" -E cmake_link_script CMakeFiles/cmTryCompileExec.dir/link.txt --verbose=1
/usr/bin/gcc   -m32  -DCHECK_FUNCTION_EXISTS=IceConnectionNumber -Wl,-search_paths_first -headerpad_max_install_names -fPIC CMakeFiles/cmTryCompileExec.dir/CheckFunctionExists.c.o  -o cmTryCompileExec  -L/usr/X11R6/lib -lICE 
gmake[1]: Leaving directory `/Users/mikerb/Research/moos-ivp/trunk/MOOS-2331-Jul1810/CMakeFiles/CMakeTmp'


