This is pdfeTeX, Version 3.141592-1.21a-2.2 (Web2C 7.5.4) (format=pdflatex 2007.6.7)  2 AUG 2007 07:15
entering extended mode
**main.tex
(./main.tex
LaTeX2e <2003/12/01>
Babel <v3.8d> and hyphenation patterns for american, french, german, ngerman, b
ahasa, basque, bulgarian, catalan, croatian, czech, danish, dutch, esperanto, e
stonian, finnish, greek, icelandic, irish, italian, latin, magyar, norsk, polis
h, portuges, romanian, russian, serbian, slovak, slovene, spanish, swedish, tur
kish, ukrainian, nohyphenation, loaded.
(/usr/share/texmf-tetex/tex/latex/base/article.cls
Document Class: article 2004/02/16 v1.4f Standard LaTeX document class
(/usr/share/texmf-tetex/tex/latex/base/size10.clo
File: size10.clo 2004/02/16 v1.4f Standard LaTeX file (size option)
)
\c@part=\count79
\c@section=\count80
\c@subsection=\count81
\c@subsubsection=\count82
\c@paragraph=\count83
\c@subparagraph=\count84
\c@figure=\count85
\c@table=\count86
\abovecaptionskip=\skip41
\belowcaptionskip=\skip42
\bibindent=\dimen102
)
(/usr/share/texmf-tetex/tex/latex/graphics/graphicx.sty
Package: graphicx 1999/02/16 v1.0f Enhanced LaTeX Graphics (DPC,SPQR)

(/usr/share/texmf-tetex/tex/latex/graphics/keyval.sty
Package: keyval 1999/03/16 v1.13 key=value parser (DPC)
\KV@toks@=\toks14
)
(/usr/share/texmf-tetex/tex/latex/graphics/graphics.sty
Package: graphics 2001/07/07 v1.0n Standard LaTeX Graphics (DPC,SPQR)

(/usr/share/texmf-tetex/tex/latex/graphics/trig.sty
Package: trig 1999/03/16 v1.09 sin cos tan (DPC)
)
(/usr/share/texmf-tetex/tex/latex/graphics/graphics.cfg
File: graphics.cfg 2005/02/03 v1.3 graphics configuration of teTeX/TeXLive
)
Package graphics Info: Driver file: pdftex.def on input line 80.

(/usr/share/texmf-tetex/tex/latex/graphics/pdftex.def
File: pdftex.def 2002/06/19 v0.03k graphics/color for pdftex
\Gread@gobject=\count87
))
\Gin@req@height=\dimen103
\Gin@req@width=\dimen104
)
(/usr/share/texmf-tetex/tex/latex/tools/verbatim.sty
Package: verbatim 2003/08/22 v1.5q LaTeX2e package for verbatim enhancements
\every@verbatim=\toks15
\verbatim@line=\toks16
\verbatim@in@stream=\read1
) (./main.aux)
\openout1 = `main.aux'.

LaTeX Font Info:    Checking defaults for OML/cmm/m/it on input line 9.
LaTeX Font Info:    ... okay on input line 9.
LaTeX Font Info:    Checking defaults for T1/cmr/m/n on input line 9.
LaTeX Font Info:    ... okay on input line 9.
LaTeX Font Info:    Checking defaults for OT1/cmr/m/n on input line 9.
LaTeX Font Info:    ... okay on input line 9.
LaTeX Font Info:    Checking defaults for OMS/cmsy/m/n on input line 9.
LaTeX Font Info:    ... okay on input line 9.
LaTeX Font Info:    Checking defaults for OMX/cmex/m/n on input line 9.
LaTeX Font Info:    ... okay on input line 9.
LaTeX Font Info:    Checking defaults for U/cmr/m/n on input line 9.
LaTeX Font Info:    ... okay on input line 9.

(/usr/share/texmf-tetex/tex/context/base/supp-pdf.tex
(/usr/share/texmf-tetex/tex/context/base/supp-mis.tex
loading : Context Support Macros / Miscellaneous (2004.10.26)
\protectiondepth=\count88
\scratchcounter=\count89
\scratchtoks=\toks17
\scratchdimen=\dimen105
\scratchskip=\skip43
\scratchmuskip=\muskip10
\scratchbox=\box26
\scratchread=\read2
\scratchwrite=\write3
\zeropoint=\dimen106
\onepoint=\dimen107
\onebasepoint=\dimen108
\minusone=\count90
\thousandpoint=\dimen109
\onerealpoint=\dimen110
\emptytoks=\toks18
\nextbox=\box27
\nextdepth=\dimen111
\everyline=\toks19
\!!counta=\count91
\!!countb=\count92
\recursecounter=\count93
)
loading : Context Support Macros / PDF (2004.03.26)
\nofMPsegments=\count94
\nofMParguments=\count95
\MPscratchCnt=\count96
\MPscratchDim=\dimen112
\MPnumerator=\count97
\everyMPtoPDFconversion=\toks20
)
LaTeX Font Info:    External font `cmex10' loaded for size
(Font)              <12> on input line 11.
LaTeX Font Info:    External font `cmex10' loaded for size
(Font)              <8> on input line 11.
LaTeX Font Info:    External font `cmex10' loaded for size
(Font)              <6> on input line 11.
 (./main.toc
LaTeX Font Info:    External font `cmex10' loaded for size
(Font)              <7> on input line 3.
LaTeX Font Info:    External font `cmex10' loaded for size
(Font)              <5> on input line 3.
)
\tf@toc=\write4
\openout4 = `main.toc'.


Overfull \hbox (39.5841pt too wide) in paragraph at lines 31--48
 [] 
 []

[1

{/var/lib/texmf/fonts/map/pdftex/updmap/pdftex.map}]
Overfull \hbox (28.8504pt too wide) in paragraph at lines 50--54
\OT1/cmr/m/n/10 to-ries within the MOOS source code tree. The only ex-cep-tion 
was []\OT1/cmtt/m/n/10 moos-tools-matlab\OT1/cmr/m/n/10 ,
 []


Overfull \hbox (28.74878pt too wide) in paragraph at lines 66--73
[]\OT1/cmtt/m/n/10 /usr/bin\OT1/cmr/m/n/10 , the De-bian pack-ages will place t
heir files into []\OT1/cmtt/m/n/10 /usr/(version-number)/lib\OT1/cmr/m/n/10 ,
 []

[2] [3] [4] [5]
Overfull \hbox (24.43391pt too wide) in paragraph at lines 231--238
\OT1/cmr/m/n/10 by []\OT1/cmtt/m/n/10 build-debs \OT1/cmr/m/n/10 to be-come a D
e-bian pack-age's []\OT1/cmtt/m/n/10 DEBIAN/control \OT1/cmr/m/n/10 file. []\OT
1/cmtt/m/n/10 build-debs
 []


Overfull \hbox (10.36006pt too wide) in paragraph at lines 248--257
\OT1/cmr/m/n/10 pressed by []\OT1/cmtt/m/n/10 build-debs \OT1/cmr/m/n/10 to be-
come a De-bian pack-age's []\OT1/cmtt/m/n/10 changelog.Debian.gz
 []


Overfull \hbox (0.97287pt too wide) in paragraph at lines 266--271
\OT1/cmr/m/n/10 bian pack-ages, you're best off do-ing so on a Debian-based (De
-bian, Ubuntu,
 []

[6]
Overfull \hbox (13.1656pt too wide) in paragraph at lines 317--319
[][]\OT1/cmtt/m/n/10 cd \OT1/cmr/m/n/10 to the []\OT1/cmtt/m/n/10 BuildScripts/
DebianPackaging/ \OT1/cmr/m/n/10 sub-di-rec-tory within your MOOS
 []

[7]
LaTeX Font Info:    Try loading font information for OMS+cmr on input line 335.

 (/usr/share/texmf-tetex/tex/latex/base/omscmr.fd
File: omscmr.fd 1999/05/25 v2.5h Standard LaTeX font definitions
)
LaTeX Font Info:    Font shape `OMS/cmr/m/n' in size <10> not available
(Font)              Font shape `OMS/cmsy/m/n' tried instead on input line 335.

Overfull \hbox (22.08327pt too wide) in paragraph at lines 335--337
[]\OT1/cmr/m/n/10 Review the pack-age de-scrip-tions and de-pen-den-cies as sta
ted in the []\OT1/cmtt/m/n/10 CONTROL-...
 []

[8]
Overfull \hbox (5.04599pt too wide) in paragraph at lines 387--394
\OT1/cmr/m/n/10 it's in-stalled. I've got-ten around this by set-ting the []\OT
1/cmtt/m/n/10 FLTK_INCLUDE_DIR
 []


Overfull \hbox (21.4168pt too wide) in paragraph at lines 395--399
[]\OT1/cmr/m/n/10 After in-vok-ing this mod-ule, MOOS's build sys-tem looks at 
the []\OT1/cmtt/m/n/10 FOUND_FLTK
 []

[9] (./main.aux) ) 
Here is how much of TeX's memory you used:
 951 strings out of 94500
 11656 string characters out of 1175789
 61302 words of memory out of 1000000
 4157 multiletter control sequences out of 10000+50000
 8409 words of font info for 30 fonts, out of 500000 for 2000
 580 hyphenation exceptions out of 8191
 25i,6n,19p,220b,307s stack positions out of 1500i,500n,5000p,200000b,5000s
PDF statistics:
 53 PDF objects out of 300000
 0 named destinations out of 131072
 1 words of extra memory for PDF output out of 65536
</usr/share/texmf-tetex/fonts/type1/bluesky/cm/cmsy10.pfb></u
sr/share/texmf-tetex/fonts/type1/bluesky/cm/cmti10.pfb></usr/share/texmf-tetex/
fonts/type1/bluesky/cm/cmtt10.pfb></usr/share/texmf-tetex/fonts/type1/bluesky/c
m/cmr10.pfb></usr/share/texmf-tetex/fonts/type1/bluesky/cm/cmbx10.pfb></usr/sha
re/texmf-tetex/fonts/type1/bluesky/cm/cmbx12.pfb></usr/share/texmf-tetex/fonts/
type1/bluesky/cm/cmr12.pfb></usr/share/texmf-tetex/fonts/type1/bluesky/cm/cmr17
.pfb>
Output written on main.pdf (9 pages, 96092 bytes).
