The system is: Darwin - 13.1.0 - i386
Compiling the C compiler identification source file "CMakeCCompilerId.c" succeeded.
Compiler: /usr/bin/cc 
Build flags: 
Id flags: 

The output was:
0


Compilation of the C compiler identification source "CMakeCCompilerId.c" produced "a.out"

The C compiler identification is Clang, found in "/Users/mikerb/Research/moos-ivp/trunk/MOOS/MOOSCoreMar2413/CMakeFiles/2.8.12/CompilerIdC/a.out"

Compiling the CXX compiler identification source file "CMakeCXXCompilerId.cpp" succeeded.
Compiler: /usr/bin/g++ 
Build flags: 
Id flags: 

The output was:
0


Compilation of the CXX compiler identification source "CMakeCXXCompilerId.cpp" produced "a.out"

The CXX compiler identification is Clang, found in "/Users/mikerb/Research/moos-ivp/trunk/MOOS/MOOSCoreMar2413/CMakeFiles/2.8.12/CompilerIdCXX/a.out"

Determining if the C compiler works passed with the following output:
Change Dir: /Users/mikerb/Research/moos-ivp/trunk/MOOS/MOOSCoreMar2413/CMakeFiles/CMakeTmp

Run Build Command:/opt/local/bin/gmake "cmTryCompileExec3546256621/fast"
/opt/local/bin/gmake -f CMakeFiles/cmTryCompileExec3546256621.dir/build.make CMakeFiles/cmTryCompileExec3546256621.dir/build
gmake[1]: Entering directory `/Users/mikerb/Research/moos-ivp/trunk/MOOS_V10.0.2-Mar1014-SHAge8864/MOOSCoreMar2413/CMakeFiles/CMakeTmp'
/opt/local/bin/cmake -E cmake_progress_report /Users/mikerb/Research/moos-ivp/trunk/MOOS/MOOSCoreMar2413/CMakeFiles/CMakeTmp/CMakeFiles 1
Building C object CMakeFiles/cmTryCompileExec3546256621.dir/testCCompiler.c.o
/usr/bin/cc   -isysroot /Applications/Xcode.app/Contents/Developer/Platforms/MacOSX.platform/Developer/SDKs/MacOSX10.9.sdk   -o CMakeFiles/cmTryCompileExec3546256621.dir/testCCompiler.c.o   -c /Users/mikerb/Research/moos-ivp/trunk/MOOS/MOOSCoreMar2413/CMakeFiles/CMakeTmp/testCCompiler.c
Linking C executable cmTryCompileExec3546256621
/opt/local/bin/cmake -E cmake_link_script CMakeFiles/cmTryCompileExec3546256621.dir/link.txt --verbose=1
/usr/bin/cc    -isysroot /Applications/Xcode.app/Contents/Developer/Platforms/MacOSX.platform/Developer/SDKs/MacOSX10.9.sdk -Wl,-search_paths_first -Wl,-headerpad_max_install_names   CMakeFiles/cmTryCompileExec3546256621.dir/testCCompiler.c.o  -o cmTryCompileExec3546256621  
gmake[1]: Leaving directory `/Users/mikerb/Research/moos-ivp/trunk/MOOS_V10.0.2-Mar1014-SHAge8864/MOOSCoreMar2413/CMakeFiles/CMakeTmp'


Detecting C compiler ABI info compiled with the following output:
Change Dir: /Users/mikerb/Research/moos-ivp/trunk/MOOS/MOOSCoreMar2413/CMakeFiles/CMakeTmp

Run Build Command:/opt/local/bin/gmake "cmTryCompileExec2852453362/fast"
/opt/local/bin/gmake -f CMakeFiles/cmTryCompileExec2852453362.dir/build.make CMakeFiles/cmTryCompileExec2852453362.dir/build
gmake[1]: Entering directory `/Users/mikerb/Research/moos-ivp/trunk/MOOS_V10.0.2-Mar1014-SHAge8864/MOOSCoreMar2413/CMakeFiles/CMakeTmp'
/opt/local/bin/cmake -E cmake_progress_report /Users/mikerb/Research/moos-ivp/trunk/MOOS/MOOSCoreMar2413/CMakeFiles/CMakeTmp/CMakeFiles 1
Building C object CMakeFiles/cmTryCompileExec2852453362.dir/CMakeCCompilerABI.c.o
/usr/bin/cc   -isysroot /Applications/Xcode.app/Contents/Developer/Platforms/MacOSX.platform/Developer/SDKs/MacOSX10.9.sdk   -o CMakeFiles/cmTryCompileExec2852453362.dir/CMakeCCompilerABI.c.o   -c /opt/local/share/cmake-2.8/Modules/CMakeCCompilerABI.c
Linking C executable cmTryCompileExec2852453362
/opt/local/bin/cmake -E cmake_link_script CMakeFiles/cmTryCompileExec2852453362.dir/link.txt --verbose=1
/usr/bin/cc    -isysroot /Applications/Xcode.app/Contents/Developer/Platforms/MacOSX.platform/Developer/SDKs/MacOSX10.9.sdk -Wl,-search_paths_first -Wl,-headerpad_max_install_names -v -Wl,-v CMakeFiles/cmTryCompileExec2852453362.dir/CMakeCCompilerABI.c.o  -o cmTryCompileExec2852453362   
Apple LLVM version 5.1 (clang-503.0.38) (based on LLVM 3.4svn)
Target: x86_64-apple-darwin13.1.0
Thread model: posix
 "/Applications/Xcode.app/Contents/Developer/Toolchains/XcodeDefault.xctoolchain/usr/bin/ld" -demangle -dynamic -arch x86_64 -macosx_version_min 10.9.0 -syslibroot /Applications/Xcode.app/Contents/Developer/Platforms/MacOSX.platform/Developer/SDKs/MacOSX10.9.sdk -o cmTryCompileExec2852453362 -search_paths_first -headerpad_max_install_names -v CMakeFiles/cmTryCompileExec2852453362.dir/CMakeCCompilerABI.c.o -L/opt/local/lib -lSystem /Applications/Xcode.app/Contents/Developer/Toolchains/XcodeDefault.xctoolchain/usr/bin/../lib/clang/5.1/lib/darwin/libclang_rt.osx.a
@(#)PROGRAM:ld  PROJECT:ld64-236.3
configured to support archs: armv6 armv7 armv7s arm64 i386 x86_64 armv6m armv7m armv7em
Library search paths:
	/opt/local/lib
	/Applications/Xcode.app/Contents/Developer/Platforms/MacOSX.platform/Developer/SDKs/MacOSX10.9.sdk/usr/lib
Framework search paths:
	/Applications/Xcode.app/Contents/Developer/Platforms/MacOSX.platform/Developer/SDKs/MacOSX10.9.sdk/System/Library/Frameworks/
gmake[1]: Leaving directory `/Users/mikerb/Research/moos-ivp/trunk/MOOS_V10.0.2-Mar1014-SHAge8864/MOOSCoreMar2413/CMakeFiles/CMakeTmp'


Parsed C implicit link information from above output:
  link line regex: [^( *|.*[/\])(ld|([^/\]+-)?ld|collect2)[^/\]*( |$)]
  ignore line: [Change Dir: /Users/mikerb/Research/moos-ivp/trunk/MOOS/MOOSCoreMar2413/CMakeFiles/CMakeTmp]
  ignore line: []
  ignore line: [Run Build Command:/opt/local/bin/gmake "cmTryCompileExec2852453362/fast"]
  ignore line: [/opt/local/bin/gmake -f CMakeFiles/cmTryCompileExec2852453362.dir/build.make CMakeFiles/cmTryCompileExec2852453362.dir/build]
  ignore line: [gmake[1]: Entering directory `/Users/mikerb/Research/moos-ivp/trunk/MOOS_V10.0.2-Mar1014-SHAge8864/MOOSCoreMar2413/CMakeFiles/CMakeTmp']
  ignore line: [/opt/local/bin/cmake -E cmake_progress_report /Users/mikerb/Research/moos-ivp/trunk/MOOS/MOOSCoreMar2413/CMakeFiles/CMakeTmp/CMakeFiles 1]
  ignore line: [Building C object CMakeFiles/cmTryCompileExec2852453362.dir/CMakeCCompilerABI.c.o]
  ignore line: [/usr/bin/cc   -isysroot /Applications/Xcode.app/Contents/Developer/Platforms/MacOSX.platform/Developer/SDKs/MacOSX10.9.sdk   -o CMakeFiles/cmTryCompileExec2852453362.dir/CMakeCCompilerABI.c.o   -c /opt/local/share/cmake-2.8/Modules/CMakeCCompilerABI.c]
  ignore line: [Linking C executable cmTryCompileExec2852453362]
  ignore line: [/opt/local/bin/cmake -E cmake_link_script CMakeFiles/cmTryCompileExec2852453362.dir/link.txt --verbose=1]
  ignore line: [/usr/bin/cc    -isysroot /Applications/Xcode.app/Contents/Developer/Platforms/MacOSX.platform/Developer/SDKs/MacOSX10.9.sdk -Wl,-search_paths_first -Wl,-headerpad_max_install_names -v -Wl,-v CMakeFiles/cmTryCompileExec2852453362.dir/CMakeCCompilerABI.c.o  -o cmTryCompileExec2852453362   ]
  ignore line: [Apple LLVM version 5.1 (clang-503.0.38) (based on LLVM 3.4svn)]
  ignore line: [Target: x86_64-apple-darwin13.1.0]
  ignore line: [Thread model: posix]
  link line: [ "/Applications/Xcode.app/Contents/Developer/Toolchains/XcodeDefault.xctoolchain/usr/bin/ld" -demangle -dynamic -arch x86_64 -macosx_version_min 10.9.0 -syslibroot /Applications/Xcode.app/Contents/Developer/Platforms/MacOSX.platform/Developer/SDKs/MacOSX10.9.sdk -o cmTryCompileExec2852453362 -search_paths_first -headerpad_max_install_names -v CMakeFiles/cmTryCompileExec2852453362.dir/CMakeCCompilerABI.c.o -L/opt/local/lib -lSystem /Applications/Xcode.app/Contents/Developer/Toolchains/XcodeDefault.xctoolchain/usr/bin/../lib/clang/5.1/lib/darwin/libclang_rt.osx.a]
    arg [/Applications/Xcode.app/Contents/Developer/Toolchains/XcodeDefault.xctoolchain/usr/bin/ld] ==> ignore
    arg [-demangle] ==> ignore
    arg [-dynamic] ==> ignore
    arg [-arch] ==> ignore
    arg [x86_64] ==> ignore
    arg [-macosx_version_min] ==> ignore
    arg [10.9.0] ==> ignore
    arg [-syslibroot] ==> ignore
    arg [/Applications/Xcode.app/Contents/Developer/Platforms/MacOSX.platform/Developer/SDKs/MacOSX10.9.sdk] ==> ignore
    arg [-o] ==> ignore
    arg [cmTryCompileExec2852453362] ==> ignore
    arg [-search_paths_first] ==> ignore
    arg [-headerpad_max_install_names] ==> ignore
    arg [-v] ==> ignore
    arg [CMakeFiles/cmTryCompileExec2852453362.dir/CMakeCCompilerABI.c.o] ==> ignore
    arg [-L/opt/local/lib] ==> dir [/opt/local/lib]
    arg [-lSystem] ==> lib [System]
    arg [/Applications/Xcode.app/Contents/Developer/Toolchains/XcodeDefault.xctoolchain/usr/bin/../lib/clang/5.1/lib/darwin/libclang_rt.osx.a] ==> lib [/Applications/Xcode.app/Contents/Developer/Toolchains/XcodeDefault.xctoolchain/usr/bin/../lib/clang/5.1/lib/darwin/libclang_rt.osx.a]
  Library search paths: [;/opt/local/lib;/Applications/Xcode.app/Contents/Developer/Platforms/MacOSX.platform/Developer/SDKs/MacOSX10.9.sdk/usr/lib]
  Framework search paths: [;/Applications/Xcode.app/Contents/Developer/Platforms/MacOSX.platform/Developer/SDKs/MacOSX10.9.sdk/System/Library/Frameworks/]
  remove lib [System]
  collapse lib [/Applications/Xcode.app/Contents/Developer/Toolchains/XcodeDefault.xctoolchain/usr/bin/../lib/clang/5.1/lib/darwin/libclang_rt.osx.a] ==> [/Applications/Xcode.app/Contents/Developer/Toolchains/XcodeDefault.xctoolchain/usr/lib/clang/5.1/lib/darwin/libclang_rt.osx.a]
  collapse library dir [/opt/local/lib] ==> [/opt/local/lib]
  collapse library dir [/opt/local/lib] ==> [/opt/local/lib]
  collapse library dir [/Applications/Xcode.app/Contents/Developer/Platforms/MacOSX.platform/Developer/SDKs/MacOSX10.9.sdk/usr/lib] ==> [/Applications/Xcode.app/Contents/Developer/Platforms/MacOSX.platform/Developer/SDKs/MacOSX10.9.sdk/usr/lib]
  collapse framework dir [/Applications/Xcode.app/Contents/Developer/Platforms/MacOSX.platform/Developer/SDKs/MacOSX10.9.sdk/System/Library/Frameworks/] ==> [/Applications/Xcode.app/Contents/Developer/Platforms/MacOSX.platform/Developer/SDKs/MacOSX10.9.sdk/System/Library/Frameworks]
  implicit libs: [/Applications/Xcode.app/Contents/Developer/Toolchains/XcodeDefault.xctoolchain/usr/lib/clang/5.1/lib/darwin/libclang_rt.osx.a]
  implicit dirs: [/opt/local/lib;/Applications/Xcode.app/Contents/Developer/Platforms/MacOSX.platform/Developer/SDKs/MacOSX10.9.sdk/usr/lib]
  implicit fwks: [/Applications/Xcode.app/Contents/Developer/Platforms/MacOSX.platform/Developer/SDKs/MacOSX10.9.sdk/System/Library/Frameworks]


Determining if the CXX compiler works passed with the following output:
Change Dir: /Users/mikerb/Research/moos-ivp/trunk/MOOS/MOOSCoreMar2413/CMakeFiles/CMakeTmp

Run Build Command:/opt/local/bin/gmake "cmTryCompileExec724428062/fast"
/opt/local/bin/gmake -f CMakeFiles/cmTryCompileExec724428062.dir/build.make CMakeFiles/cmTryCompileExec724428062.dir/build
gmake[1]: Entering directory `/Users/mikerb/Research/moos-ivp/trunk/MOOS_V10.0.2-Mar1014-SHAge8864/MOOSCoreMar2413/CMakeFiles/CMakeTmp'
/opt/local/bin/cmake -E cmake_progress_report /Users/mikerb/Research/moos-ivp/trunk/MOOS/MOOSCoreMar2413/CMakeFiles/CMakeTmp/CMakeFiles 1
Building CXX object CMakeFiles/cmTryCompileExec724428062.dir/testCXXCompiler.cxx.o
/usr/bin/g++    -isysroot /Applications/Xcode.app/Contents/Developer/Platforms/MacOSX.platform/Developer/SDKs/MacOSX10.9.sdk   -o CMakeFiles/cmTryCompileExec724428062.dir/testCXXCompiler.cxx.o -c /Users/mikerb/Research/moos-ivp/trunk/MOOS/MOOSCoreMar2413/CMakeFiles/CMakeTmp/testCXXCompiler.cxx
Linking CXX executable cmTryCompileExec724428062
/opt/local/bin/cmake -E cmake_link_script CMakeFiles/cmTryCompileExec724428062.dir/link.txt --verbose=1
/usr/bin/g++     -isysroot /Applications/Xcode.app/Contents/Developer/Platforms/MacOSX.platform/Developer/SDKs/MacOSX10.9.sdk -Wl,-search_paths_first -Wl,-headerpad_max_install_names   CMakeFiles/cmTryCompileExec724428062.dir/testCXXCompiler.cxx.o  -o cmTryCompileExec724428062  
gmake[1]: Leaving directory `/Users/mikerb/Research/moos-ivp/trunk/MOOS_V10.0.2-Mar1014-SHAge8864/MOOSCoreMar2413/CMakeFiles/CMakeTmp'


Detecting CXX compiler ABI info compiled with the following output:
Change Dir: /Users/mikerb/Research/moos-ivp/trunk/MOOS/MOOSCoreMar2413/CMakeFiles/CMakeTmp

Run Build Command:/opt/local/bin/gmake "cmTryCompileExec4200333674/fast"
/opt/local/bin/gmake -f CMakeFiles/cmTryCompileExec4200333674.dir/build.make CMakeFiles/cmTryCompileExec4200333674.dir/build
gmake[1]: Entering directory `/Users/mikerb/Research/moos-ivp/trunk/MOOS_V10.0.2-Mar1014-SHAge8864/MOOSCoreMar2413/CMakeFiles/CMakeTmp'
/opt/local/bin/cmake -E cmake_progress_report /Users/mikerb/Research/moos-ivp/trunk/MOOS/MOOSCoreMar2413/CMakeFiles/CMakeTmp/CMakeFiles 1
Building CXX object CMakeFiles/cmTryCompileExec4200333674.dir/CMakeCXXCompilerABI.cpp.o
/usr/bin/g++    -isysroot /Applications/Xcode.app/Contents/Developer/Platforms/MacOSX.platform/Developer/SDKs/MacOSX10.9.sdk   -o CMakeFiles/cmTryCompileExec4200333674.dir/CMakeCXXCompilerABI.cpp.o -c /opt/local/share/cmake-2.8/Modules/CMakeCXXCompilerABI.cpp
Linking CXX executable cmTryCompileExec4200333674
/opt/local/bin/cmake -E cmake_link_script CMakeFiles/cmTryCompileExec4200333674.dir/link.txt --verbose=1
/usr/bin/g++     -isysroot /Applications/Xcode.app/Contents/Developer/Platforms/MacOSX.platform/Developer/SDKs/MacOSX10.9.sdk -Wl,-search_paths_first -Wl,-headerpad_max_install_names -v -Wl,-v CMakeFiles/cmTryCompileExec4200333674.dir/CMakeCXXCompilerABI.cpp.o  -o cmTryCompileExec4200333674   
Apple LLVM version 5.1 (clang-503.0.38) (based on LLVM 3.4svn)
Target: x86_64-apple-darwin13.1.0
Thread model: posix
 "/Applications/Xcode.app/Contents/Developer/Toolchains/XcodeDefault.xctoolchain/usr/bin/ld" -demangle -dynamic -arch x86_64 -macosx_version_min 10.9.0 -syslibroot /Applications/Xcode.app/Contents/Developer/Platforms/MacOSX.platform/Developer/SDKs/MacOSX10.9.sdk -o cmTryCompileExec4200333674 -search_paths_first -headerpad_max_install_names -v CMakeFiles/cmTryCompileExec4200333674.dir/CMakeCXXCompilerABI.cpp.o -L/opt/local/lib -lc++ -lSystem /Applications/Xcode.app/Contents/Developer/Toolchains/XcodeDefault.xctoolchain/usr/bin/../lib/clang/5.1/lib/darwin/libclang_rt.osx.a
@(#)PROGRAM:ld  PROJECT:ld64-236.3
configured to support archs: armv6 armv7 armv7s arm64 i386 x86_64 armv6m armv7m armv7em
Library search paths:
	/opt/local/lib
	/Applications/Xcode.app/Contents/Developer/Platforms/MacOSX.platform/Developer/SDKs/MacOSX10.9.sdk/usr/lib
Framework search paths:
	/Applications/Xcode.app/Contents/Developer/Platforms/MacOSX.platform/Developer/SDKs/MacOSX10.9.sdk/System/Library/Frameworks/
gmake[1]: Leaving directory `/Users/mikerb/Research/moos-ivp/trunk/MOOS_V10.0.2-Mar1014-SHAge8864/MOOSCoreMar2413/CMakeFiles/CMakeTmp'


Parsed CXX implicit link information from above output:
  link line regex: [^( *|.*[/\])(ld|([^/\]+-)?ld|collect2)[^/\]*( |$)]
  ignore line: [Change Dir: /Users/mikerb/Research/moos-ivp/trunk/MOOS/MOOSCoreMar2413/CMakeFiles/CMakeTmp]
  ignore line: []
  ignore line: [Run Build Command:/opt/local/bin/gmake "cmTryCompileExec4200333674/fast"]
  ignore line: [/opt/local/bin/gmake -f CMakeFiles/cmTryCompileExec4200333674.dir/build.make CMakeFiles/cmTryCompileExec4200333674.dir/build]
  ignore line: [gmake[1]: Entering directory `/Users/mikerb/Research/moos-ivp/trunk/MOOS_V10.0.2-Mar1014-SHAge8864/MOOSCoreMar2413/CMakeFiles/CMakeTmp']
  ignore line: [/opt/local/bin/cmake -E cmake_progress_report /Users/mikerb/Research/moos-ivp/trunk/MOOS/MOOSCoreMar2413/CMakeFiles/CMakeTmp/CMakeFiles 1]
  ignore line: [Building CXX object CMakeFiles/cmTryCompileExec4200333674.dir/CMakeCXXCompilerABI.cpp.o]
  ignore line: [/usr/bin/g++    -isysroot /Applications/Xcode.app/Contents/Developer/Platforms/MacOSX.platform/Developer/SDKs/MacOSX10.9.sdk   -o CMakeFiles/cmTryCompileExec4200333674.dir/CMakeCXXCompilerABI.cpp.o -c /opt/local/share/cmake-2.8/Modules/CMakeCXXCompilerABI.cpp]
  ignore line: [Linking CXX executable cmTryCompileExec4200333674]
  ignore line: [/opt/local/bin/cmake -E cmake_link_script CMakeFiles/cmTryCompileExec4200333674.dir/link.txt --verbose=1]
  ignore line: [/usr/bin/g++     -isysroot /Applications/Xcode.app/Contents/Developer/Platforms/MacOSX.platform/Developer/SDKs/MacOSX10.9.sdk -Wl,-search_paths_first -Wl,-headerpad_max_install_names -v -Wl,-v CMakeFiles/cmTryCompileExec4200333674.dir/CMakeCXXCompilerABI.cpp.o  -o cmTryCompileExec4200333674   ]
  ignore line: [Apple LLVM version 5.1 (clang-503.0.38) (based on LLVM 3.4svn)]
  ignore line: [Target: x86_64-apple-darwin13.1.0]
  ignore line: [Thread model: posix]
  link line: [ "/Applications/Xcode.app/Contents/Developer/Toolchains/XcodeDefault.xctoolchain/usr/bin/ld" -demangle -dynamic -arch x86_64 -macosx_version_min 10.9.0 -syslibroot /Applications/Xcode.app/Contents/Developer/Platforms/MacOSX.platform/Developer/SDKs/MacOSX10.9.sdk -o cmTryCompileExec4200333674 -search_paths_first -headerpad_max_install_names -v CMakeFiles/cmTryCompileExec4200333674.dir/CMakeCXXCompilerABI.cpp.o -L/opt/local/lib -lc++ -lSystem /Applications/Xcode.app/Contents/Developer/Toolchains/XcodeDefault.xctoolchain/usr/bin/../lib/clang/5.1/lib/darwin/libclang_rt.osx.a]
    arg [/Applications/Xcode.app/Contents/Developer/Toolchains/XcodeDefault.xctoolchain/usr/bin/ld] ==> ignore
    arg [-demangle] ==> ignore
    arg [-dynamic] ==> ignore
    arg [-arch] ==> ignore
    arg [x86_64] ==> ignore
    arg [-macosx_version_min] ==> ignore
    arg [10.9.0] ==> ignore
    arg [-syslibroot] ==> ignore
    arg [/Applications/Xcode.app/Contents/Developer/Platforms/MacOSX.platform/Developer/SDKs/MacOSX10.9.sdk] ==> ignore
    arg [-o] ==> ignore
    arg [cmTryCompileExec4200333674] ==> ignore
    arg [-search_paths_first] ==> ignore
    arg [-headerpad_max_install_names] ==> ignore
    arg [-v] ==> ignore
    arg [CMakeFiles/cmTryCompileExec4200333674.dir/CMakeCXXCompilerABI.cpp.o] ==> ignore
    arg [-L/opt/local/lib] ==> dir [/opt/local/lib]
    arg [-lc++] ==> lib [c++]
    arg [-lSystem] ==> lib [System]
    arg [/Applications/Xcode.app/Contents/Developer/Toolchains/XcodeDefault.xctoolchain/usr/bin/../lib/clang/5.1/lib/darwin/libclang_rt.osx.a] ==> lib [/Applications/Xcode.app/Contents/Developer/Toolchains/XcodeDefault.xctoolchain/usr/bin/../lib/clang/5.1/lib/darwin/libclang_rt.osx.a]
  Library search paths: [;/opt/local/lib;/Applications/Xcode.app/Contents/Developer/Platforms/MacOSX.platform/Developer/SDKs/MacOSX10.9.sdk/usr/lib]
  Framework search paths: [;/Applications/Xcode.app/Contents/Developer/Platforms/MacOSX.platform/Developer/SDKs/MacOSX10.9.sdk/System/Library/Frameworks/]
  remove lib [System]
  collapse lib [/Applications/Xcode.app/Contents/Developer/Toolchains/XcodeDefault.xctoolchain/usr/bin/../lib/clang/5.1/lib/darwin/libclang_rt.osx.a] ==> [/Applications/Xcode.app/Contents/Developer/Toolchains/XcodeDefault.xctoolchain/usr/lib/clang/5.1/lib/darwin/libclang_rt.osx.a]
  collapse library dir [/opt/local/lib] ==> [/opt/local/lib]
  collapse library dir [/opt/local/lib] ==> [/opt/local/lib]
  collapse library dir [/Applications/Xcode.app/Contents/Developer/Platforms/MacOSX.platform/Developer/SDKs/MacOSX10.9.sdk/usr/lib] ==> [/Applications/Xcode.app/Contents/Developer/Platforms/MacOSX.platform/Developer/SDKs/MacOSX10.9.sdk/usr/lib]
  collapse framework dir [/Applications/Xcode.app/Contents/Developer/Platforms/MacOSX.platform/Developer/SDKs/MacOSX10.9.sdk/System/Library/Frameworks/] ==> [/Applications/Xcode.app/Contents/Developer/Platforms/MacOSX.platform/Developer/SDKs/MacOSX10.9.sdk/System/Library/Frameworks]
  implicit libs: [c++;/Applications/Xcode.app/Contents/Developer/Toolchains/XcodeDefault.xctoolchain/usr/lib/clang/5.1/lib/darwin/libclang_rt.osx.a]
  implicit dirs: [/opt/local/lib;/Applications/Xcode.app/Contents/Developer/Platforms/MacOSX.platform/Developer/SDKs/MacOSX10.9.sdk/usr/lib]
  implicit fwks: [/Applications/Xcode.app/Contents/Developer/Platforms/MacOSX.platform/Developer/SDKs/MacOSX10.9.sdk/System/Library/Frameworks]


Determining if the include file unordered_map exists passed with the following output:
Change Dir: /Users/mikerb/Research/moos-ivp/trunk/MOOS/MOOSCoreMar2413/CMakeFiles/CMakeTmp

Run Build Command:/opt/local/bin/gmake "cmTryCompileExec4078391961/fast"
/opt/local/bin/gmake -f CMakeFiles/cmTryCompileExec4078391961.dir/build.make CMakeFiles/cmTryCompileExec4078391961.dir/build
gmake[1]: Entering directory `/Users/mikerb/Research/moos-ivp/trunk/MOOS_V10.0.2-Mar1014-SHAge8864/MOOSCoreMar2413/CMakeFiles/CMakeTmp'
/opt/local/bin/cmake -E cmake_progress_report /Users/mikerb/Research/moos-ivp/trunk/MOOS/MOOSCoreMar2413/CMakeFiles/CMakeTmp/CMakeFiles 1
Building CXX object CMakeFiles/cmTryCompileExec4078391961.dir/CheckIncludeFile.cxx.o
/usr/bin/g++    -isysroot /Applications/Xcode.app/Contents/Developer/Platforms/MacOSX.platform/Developer/SDKs/MacOSX10.9.sdk   -o CMakeFiles/cmTryCompileExec4078391961.dir/CheckIncludeFile.cxx.o -c /Users/mikerb/Research/moos-ivp/trunk/MOOS/MOOSCoreMar2413/CMakeFiles/CMakeTmp/CheckIncludeFile.cxx
Linking CXX executable cmTryCompileExec4078391961
/opt/local/bin/cmake -E cmake_link_script CMakeFiles/cmTryCompileExec4078391961.dir/link.txt --verbose=1
/usr/bin/g++     -isysroot /Applications/Xcode.app/Contents/Developer/Platforms/MacOSX.platform/Developer/SDKs/MacOSX10.9.sdk -Wl,-search_paths_first -Wl,-headerpad_max_install_names   CMakeFiles/cmTryCompileExec4078391961.dir/CheckIncludeFile.cxx.o  -o cmTryCompileExec4078391961  
gmake[1]: Leaving directory `/Users/mikerb/Research/moos-ivp/trunk/MOOS_V10.0.2-Mar1014-SHAge8864/MOOSCoreMar2413/CMakeFiles/CMakeTmp'


